# JRE version: OpenJDK Runtime Environment (Zulu 8.52.0.23-CA-win64) (8.0_282-b08) (build 1.8.0_282-b08)
# Java VM: OpenJDK 64-Bit Server VM (25.282-b08 mixed mode windows-amd64 compressed oops)
Heap:
 PSYoungGen      total 129536K, used 104484K [0x00000000d5580000, 0x00000000ded00000, 0x0000000100000000)
  eden space 120832K, 79% used [0x00000000d5580000,0x00000000db398ee8,0x00000000dcb80000)
  from space 8704K, 93% used [0x00000000dd480000,0x00000000ddc702f0,0x00000000ddd00000)
  to   space 9216K, 0% used [0x00000000dcb80000,0x00000000dcb80000,0x00000000dd480000)
 ParOldGen       total 65024K, used 10029K [0x0000000080000000, 0x0000000083f80000, 0x00000000d5580000)
  object space 65024K, 15% used [0x0000000080000000,0x00000000809cb4a8,0x0000000083f80000)
 Metaspace       used 30604K, capacity 31604K, committed 31872K, reserved 1077248K
  class space    used 3628K, capacity 3895K, committed 3968K, reserved 1048576K
GC Heap History (10 events):
Event: 3.422 GC heap before
{Heap before GC invocations=7 (full 0):
 PSYoungGen      total 72192K, used 70431K [0x00000000d5580000, 0x00000000da480000, 0x0000000100000000)
  eden space 65024K, 97% used [0x00000000d5580000,0x00000000d9351850,0x00000000d9500000)
  from space 7168K, 99% used [0x00000000d9c80000,0x00000000da376700,0x00000000da380000)
  to   space 7680K, 0% used [0x00000000d9500000,0x00000000d9500000,0x00000000d9c80000)
 ParOldGen       total 86016K, used 1639K [0x0000000080000000, 0x0000000085400000, 0x00000000d5580000)
  object space 86016K, 1% used [0x0000000080000000,0x0000000080199e60,0x0000000085400000)
 Metaspace       used 20804K, capacity 21078K, committed 21296K, reserved 1069056K
  class space    used 2314K, capacity 2425K, committed 2432K, reserved 1048576K
Event: 3.434 GC heap after
Heap after GC invocations=7 (full 0):
 PSYoungGen      total 72704K, used 6338K [0x00000000d5580000, 0x00000000de480000, 0x0000000100000000)
  eden space 65024K, 0% used [0x00000000d5580000,0x00000000d5580000,0x00000000d9500000)
  from space 7680K, 82% used [0x00000000d9500000,0x00000000d9b30950,0x00000000d9c80000)
  to   space 8192K, 0% used [0x00000000ddc80000,0x00000000ddc80000,0x00000000de480000)
 ParOldGen       total 86016K, used 4860K [0x0000000080000000, 0x0000000085400000, 0x00000000d5580000)
  object space 86016K, 5% used [0x0000000080000000,0x00000000804bf1e8,0x0000000085400000)
 Metaspace       used 20804K, capacity 21078K, committed 21296K, reserved 1069056K
  class space    used 2314K, capacity 2425K, committed 2432K, reserved 1048576K
}
Event: 3.434 GC heap before
{Heap before GC invocations=8 (full 1):
 PSYoungGen      total 72704K, used 6338K [0x00000000d5580000, 0x00000000de480000, 0x0000000100000000)
  eden space 65024K, 0% used [0x00000000d5580000,0x00000000d5580000,0x00000000d9500000)
  from space 7680K, 82% used [0x00000000d9500000,0x00000000d9b30950,0x00000000d9c80000)
  to   space 8192K, 0% used [0x00000000ddc80000,0x00000000ddc80000,0x00000000de480000)
 ParOldGen       total 86016K, used 4860K [0x0000000080000000, 0x0000000085400000, 0x00000000d5580000)
  object space 86016K, 5% used [0x0000000080000000,0x00000000804bf1e8,0x0000000085400000)
 Metaspace       used 20804K, capacity 21078K, committed 21296K, reserved 1069056K
  class space    used 2314K, capacity 2425K, committed 2432K, reserved 1048576K
Event: 3.499 GC heap after
Heap after GC invocations=8 (full 1):
 PSYoungGen      total 72704K, used 0K [0x00000000d5580000, 0x00000000de480000, 0x0000000100000000)
  eden space 65024K, 0% used [0x00000000d5580000,0x00000000d5580000,0x00000000d9500000)
  from space 7680K, 0% used [0x00000000d9500000,0x00000000d9500000,0x00000000d9c80000)
  to   space 8192K, 0% used [0x00000000ddc80000,0x00000000ddc80000,0x00000000de480000)
 ParOldGen       total 65024K, used 10005K [0x0000000080000000, 0x0000000083f80000, 0x00000000d5580000)
  object space 65024K, 15% used [0x0000000080000000,0x00000000809c54a8,0x0000000083f80000)
 Metaspace       used 20804K, capacity 21078K, committed 21296K, reserved 1069056K
  class space    used 2314K, capacity 2425K, committed 2432K, reserved 1048576K
}
Event: 3.883 GC heap before
{Heap before GC invocations=9 (full 1):
 PSYoungGen      total 72704K, used 65024K [0x00000000d5580000, 0x00000000de480000, 0x0000000100000000)
  eden space 65024K, 100% used [0x00000000d5580000,0x00000000d9500000,0x00000000d9500000)
  from space 7680K, 0% used [0x00000000d9500000,0x00000000d9500000,0x00000000d9c80000)
  to   space 8192K, 0% used [0x00000000ddc80000,0x00000000ddc80000,0x00000000de480000)
 ParOldGen       total 65024K, used 10005K [0x0000000080000000, 0x0000000083f80000, 0x00000000d5580000)
  object space 65024K, 15% used [0x0000000080000000,0x00000000809c54a8,0x0000000083f80000)
 Metaspace       used 21857K, capacity 22178K, committed 22448K, reserved 1069056K
  class space    used 2412K, capacity 2536K, committed 2560K, reserved 1048576K
Event: 3.886 GC heap after
Heap after GC invocations=9 (full 1):
 PSYoungGen      total 92672K, used 2388K [0x00000000d5580000, 0x00000000ddf00000, 0x0000000100000000)
  eden space 90112K, 0% used [0x00000000d5580000,0x00000000d5580000,0x00000000dad80000)
  from space 2560K, 93% used [0x00000000ddc80000,0x00000000dded5120,0x00000000ddf00000)
  to   space 8192K, 0% used [0x00000000dcf00000,0x00000000dcf00000,0x00000000dd700000)
 ParOldGen       total 65024K, used 10013K [0x0000000080000000, 0x0000000083f80000, 0x00000000d5580000)
  object space 65024K, 15% used [0x0000000080000000,0x00000000809c74a8,0x0000000083f80000)
 Metaspace       used 21857K, capacity 22178K, committed 22448K, reserved 1069056K
  class space    used 2412K, capacity 2536K, committed 2560K, reserved 1048576K
}
Event: 4.360 GC heap before
{Heap before GC invocations=10 (full 1):
 PSYoungGen      total 92672K, used 92500K [0x00000000d5580000, 0x00000000ddf00000, 0x0000000100000000)
  eden space 90112K, 100% used [0x00000000d5580000,0x00000000dad80000,0x00000000dad80000)
  from space 2560K, 93% used [0x00000000ddc80000,0x00000000dded5120,0x00000000ddf00000)
  to   space 8192K, 0% used [0x00000000dcf00000,0x00000000dcf00000,0x00000000dd700000)
 ParOldGen       total 65024K, used 10013K [0x0000000080000000, 0x0000000083f80000, 0x00000000d5580000)
  object space 65024K, 15% used [0x0000000080000000,0x00000000809c74a8,0x0000000083f80000)
 Metaspace       used 22320K, capacity 22620K, committed 22960K, reserved 1069056K
  class space    used 2434K, capacity 2552K, committed 2560K, reserved 1048576K
Event: 4.365 GC heap after
Heap after GC invocations=10 (full 1):
 PSYoungGen      total 113664K, used 2711K [0x00000000d5580000, 0x00000000ddd00000, 0x0000000100000000)
  eden space 110592K, 0% used [0x00000000d5580000,0x00000000d5580000,0x00000000dc180000)
  from space 3072K, 88% used [0x00000000dcf00000,0x00000000dd1a5cf8,0x00000000dd200000)
  to   space 8704K, 0% used [0x00000000dd480000,0x00000000dd480000,0x00000000ddd00000)
 ParOldGen       total 65024K, used 10021K [0x0000000080000000, 0x0000000083f80000, 0x00000000d5580000)
  object space 65024K, 15% used [0x0000000080000000,0x00000000809c94a8,0x0000000083f80000)
 Metaspace       used 22320K, capacity 22620K, committed 22960K, reserved 1069056K
  class space    used 2434K, capacity 2552K, committed 2560K, reserved 1048576K
}
Event: 4.949 GC heap before
{Heap before GC invocations=11 (full 1):
 PSYoungGen      total 113664K, used 113303K [0x00000000d5580000, 0x00000000ddd00000, 0x0000000100000000)
  eden space 110592K, 100% used [0x00000000d5580000,0x00000000dc180000,0x00000000dc180000)
  from space 3072K, 88% used [0x00000000dcf00000,0x00000000dd1a5cf8,0x00000000dd200000)
  to   space 8704K, 0% used [0x00000000dd480000,0x00000000dd480000,0x00000000ddd00000)
 ParOldGen       total 65024K, used 10021K [0x0000000080000000, 0x0000000083f80000, 0x00000000d5580000)
  object space 65024K, 15% used [0x0000000080000000,0x00000000809c94a8,0x0000000083f80000)
 Metaspace       used 24143K, capacity 24602K, committed 24960K, reserved 1071104K
  class space    used 2713K, capacity 2849K, committed 2944K, reserved 1048576K
Event: 4.958 GC heap after
Heap after GC invocations=11 (full 1):
 PSYoungGen      total 129536K, used 8128K [0x00000000d5580000, 0x00000000ded00000, 0x0000000100000000)
  eden space 120832K, 0% used [0x00000000d5580000,0x00000000d5580000,0x00000000dcb80000)
  from space 8704K, 93% used [0x00000000dd480000,0x00000000ddc702f0,0x00000000ddd00000)
  to   space 9216K, 0% used [0x00000000dcb80000,0x00000000dcb80000,0x00000000dd480000)
 ParOldGen       total 65024K, used 10029K [0x0000000080000000, 0x0000000083f80000, 0x00000000d5580000)
  object space 65024K, 15% used [0x0000000080000000,0x00000000809cb4a8,0x0000000083f80000)
 Metaspace       used 24143K, capacity 24602K, committed 24960K, reserved 1071104K
  class space    used 2713K, capacity 2849K, committed 2944K, reserved 1048576K
}

