# JRE version: OpenJDK Runtime Environment Temurin-17.0.7+7 (17.0.7+7) (build 17.0.7+7)
# Java VM: OpenJDK 64-Bit Server VM Temurin-17.0.7+7 (17.0.7+7, mixed mode, tiered, compressed oops, compressed class ptrs, g1 gc, windows-amd64)
GC Precious Log:
 CPUs: 12 total, 12 available
 Memory: 15755M
 Large Page Support: Disabled
 NUMA Support: Disabled
 Compressed Oops: Enabled (32-bit)
 Heap Region Size: 1M
 Heap Min Capacity: 8M
 Heap Initial Capacity: 248M
 Heap Max Capacity: 2G
 Pre-touch: Disabled
 Parallel Workers: 10
 Concurrent Workers: 3
 Concurrent Refinement Workers: 10
 Periodic GC: Disabled
Heap:
 garbage-first heap   total 95232K, used 45056K [0x0000000080000000, 0x0000000100000000)
  region size 1024K, 9 young (9216K), 2 survivors (2048K)
 Metaspace       used 44815K, committed 45312K, reserved 1114112K
  class space    used 4974K, committed 5184K, reserved 1048576K
GC Heap History (20 events):
Event: 2.066 GC heap before
{Heap before GC invocations=3 (full 0):
 garbage-first heap   total 253952K, used 32216K [0x0000000080000000, 0x0000000100000000)
  region size 1024K, 17 young (17408K), 6 survivors (6144K)
 Metaspace       used 21366K, committed 21504K, reserved 1114112K
  class space    used 2241K, committed 2304K, reserved 1048576K
}
Event: 2.069 GC heap after
{Heap after GC invocations=4 (full 0):
 garbage-first heap   total 253952K, used 22497K [0x0000000080000000, 0x0000000100000000)
  region size 1024K, 7 young (7168K), 7 survivors (7168K)
 Metaspace       used 21366K, committed 21504K, reserved 1114112K
  class space    used 2241K, committed 2304K, reserved 1048576K
}
Event: 2.282 GC heap before
{Heap before GC invocations=5 (full 0):
 garbage-first heap   total 78848K, used 59912K [0x0000000080000000, 0x0000000100000000)
  region size 1024K, 45 young (46080K), 7 survivors (7168K)
 Metaspace       used 22095K, committed 22336K, reserved 1114112K
  class space    used 2312K, committed 2432K, reserved 1048576K
}
Event: 2.288 GC heap after
{Heap after GC invocations=6 (full 0):
 garbage-first heap   total 78848K, used 22924K [0x0000000080000000, 0x0000000100000000)
  region size 1024K, 8 young (8192K), 8 survivors (8192K)
 Metaspace       used 22095K, committed 22336K, reserved 1114112K
  class space    used 2312K, committed 2432K, reserved 1048576K
}
Event: 2.751 GC heap before
{Heap before GC invocations=6 (full 0):
 garbage-first heap   total 78848K, used 54668K [0x0000000080000000, 0x0000000100000000)
  region size 1024K, 39 young (39936K), 8 survivors (8192K)
 Metaspace       used 25744K, committed 26048K, reserved 1114112K
  class space    used 2686K, committed 2816K, reserved 1048576K
}
Event: 2.761 GC heap after
{Heap after GC invocations=7 (full 0):
 garbage-first heap   total 78848K, used 25227K [0x0000000080000000, 0x0000000100000000)
  region size 1024K, 4 young (4096K), 4 survivors (4096K)
 Metaspace       used 25744K, committed 26048K, reserved 1114112K
  class space    used 2686K, committed 2816K, reserved 1048576K
}
Event: 3.482 GC heap before
{Heap before GC invocations=7 (full 0):
 garbage-first heap   total 78848K, used 56971K [0x0000000080000000, 0x0000000100000000)
  region size 1024K, 35 young (35840K), 4 survivors (4096K)
 Metaspace       used 31887K, committed 32256K, reserved 1114112K
  class space    used 3406K, committed 3584K, reserved 1048576K
}
Event: 3.490 GC heap after
{Heap after GC invocations=8 (full 0):
 garbage-first heap   total 78848K, used 28393K [0x0000000080000000, 0x0000000100000000)
  region size 1024K, 3 young (3072K), 3 survivors (3072K)
 Metaspace       used 31887K, committed 32256K, reserved 1114112K
  class space    used 3406K, committed 3584K, reserved 1048576K
}
Event: 3.621 GC heap before
{Heap before GC invocations=8 (full 0):
 garbage-first heap   total 78848K, used 60137K [0x0000000080000000, 0x0000000100000000)
  region size 1024K, 32 young (32768K), 3 survivors (3072K)
 Metaspace       used 33013K, committed 33344K, reserved 1114112K
  class space    used 3480K, committed 3648K, reserved 1048576K
}
Event: 3.627 GC heap after
{Heap after GC invocations=9 (full 0):
 garbage-first heap   total 95232K, used 29303K [0x0000000080000000, 0x0000000100000000)
  region size 1024K, 1 young (1024K), 1 survivors (1024K)
 Metaspace       used 33013K, committed 33344K, reserved 1114112K
  class space    used 3480K, committed 3648K, reserved 1048576K
}
Event: 3.905 GC heap before
{Heap before GC invocations=9 (full 0):
 garbage-first heap   total 95232K, used 71287K [0x0000000080000000, 0x0000000100000000)
  region size 1024K, 42 young (43008K), 1 survivors (1024K)
 Metaspace       used 34189K, committed 34688K, reserved 1114112K
  class space    used 3629K, committed 3840K, reserved 1048576K
}
Event: 3.908 GC heap after
{Heap after GC invocations=10 (full 0):
 garbage-first heap   total 95232K, used 29803K [0x0000000080000000, 0x0000000100000000)
  region size 1024K, 2 young (2048K), 2 survivors (2048K)
 Metaspace       used 34189K, committed 34688K, reserved 1114112K
  class space    used 3629K, committed 3840K, reserved 1048576K
}
Event: 4.191 GC heap before
{Heap before GC invocations=10 (full 0):
 garbage-first heap   total 95232K, used 72811K [0x0000000080000000, 0x0000000100000000)
  region size 1024K, 44 young (45056K), 2 survivors (2048K)
 Metaspace       used 35291K, committed 35776K, reserved 1114112K
  class space    used 3728K, committed 3968K, reserved 1048576K
}
Event: 4.195 GC heap after
{Heap after GC invocations=11 (full 0):
 garbage-first heap   total 95232K, used 31642K [0x0000000080000000, 0x0000000100000000)
  region size 1024K, 3 young (3072K), 3 survivors (3072K)
 Metaspace       used 35291K, committed 35776K, reserved 1114112K
  class space    used 3728K, committed 3968K, reserved 1048576K
}
Event: 4.283 GC heap before
{Heap before GC invocations=11 (full 0):
 garbage-first heap   total 95232K, used 67482K [0x0000000080000000, 0x0000000100000000)
  region size 1024K, 39 young (39936K), 3 survivors (3072K)
 Metaspace       used 35597K, committed 36096K, reserved 1114112K
  class space    used 3758K, committed 4032K, reserved 1048576K
}
Event: 4.288 GC heap after
{Heap after GC invocations=12 (full 0):
 garbage-first heap   total 95232K, used 33487K [0x0000000080000000, 0x0000000100000000)
  region size 1024K, 5 young (5120K), 5 survivors (5120K)
 Metaspace       used 35597K, committed 36096K, reserved 1114112K
  class space    used 3758K, committed 4032K, reserved 1048576K
}
Event: 5.568 GC heap before
{Heap before GC invocations=13 (full 0):
 garbage-first heap   total 95232K, used 75471K [0x0000000080000000, 0x0000000100000000)
  region size 1024K, 46 young (47104K), 5 survivors (5120K)
 Metaspace       used 41618K, committed 42176K, reserved 1114112K
  class space    used 4577K, committed 4864K, reserved 1048576K
}
Event: 5.576 GC heap after
{Heap after GC invocations=14 (full 0):
 garbage-first heap   total 95232K, used 37079K [0x0000000080000000, 0x0000000100000000)
  region size 1024K, 6 young (6144K), 6 survivors (6144K)
 Metaspace       used 41618K, committed 42176K, reserved 1114112K
  class space    used 4577K, committed 4864K, reserved 1048576K
}
Event: 9.411 GC heap before
{Heap before GC invocations=14 (full 0):
 garbage-first heap   total 95232K, used 73943K [0x0000000080000000, 0x0000000100000000)
  region size 1024K, 43 young (44032K), 6 survivors (6144K)
 Metaspace       used 44457K, committed 44992K, reserved 1114112K
  class space    used 4928K, committed 5184K, reserved 1048576K
}
Event: 9.419 GC heap after
{Heap after GC invocations=15 (full 0):
 garbage-first heap   total 95232K, used 38912K [0x0000000080000000, 0x0000000100000000)
  region size 1024K, 2 young (2048K), 2 survivors (2048K)
 Metaspace       used 44457K, committed 44992K, reserved 1114112K
  class space    used 4928K, committed 5184K, reserved 1048576K
}

